c:\users\daiki\documents\visual studio 2015\projects\amayadori\x64\release\amayadori.lib
c:\users\daiki\documents\visual studio 2015\projects\amayadori\x64\release\amayadori.exp
c:\users\daiki\documents\visual studio 2015\projects\amayadori\amayadori\x64\release\camera.obj
c:\users\daiki\documents\visual studio 2015\projects\amayadori\amayadori\x64\release\actor.obj
c:\users\daiki\documents\visual studio 2015\projects\amayadori\amayadori\x64\release\main.obj
c:\users\daiki\documents\visual studio 2015\projects\amayadori\amayadori\x64\release\stage.obj
c:\users\daiki\documents\visual studio 2015\projects\amayadori\amayadori\x64\release\kinako.obj
c:\users\daiki\documents\visual studio 2015\projects\amayadori\amayadori\x64\release\group.obj
c:\users\daiki\documents\visual studio 2015\projects\amayadori\amayadori\x64\release\stagegarnet.obj
c:\users\daiki\documents\visual studio 2015\projects\amayadori\amayadori\x64\release\body.obj
c:\users\daiki\documents\visual studio 2015\projects\amayadori\amayadori\x64\release\gamemanager.obj
c:\users\daiki\documents\visual studio 2015\projects\amayadori\amayadori\x64\release\stagetemplate.obj
c:\users\daiki\documents\visual studio 2015\projects\amayadori\amayadori\x64\release\garnet.obj
c:\users\daiki\documents\visual studio 2015\projects\amayadori\amayadori\x64\release\korone.obj
c:\users\daiki\documents\visual studio 2015\projects\amayadori\amayadori\x64\release\stagekinako.obj
c:\users\daiki\documents\visual studio 2015\projects\amayadori\amayadori\x64\release\vc140.pdb
c:\users\daiki\documents\visual studio 2015\projects\amayadori\x64\release\amayadori.exe
c:\users\daiki\documents\visual studio 2015\projects\amayadori\x64\release\amayadori.ipdb
c:\users\daiki\documents\visual studio 2015\projects\amayadori\x64\release\amayadori.iobj
c:\users\daiki\documents\visual studio 2015\projects\amayadori\x64\release\amayadori.pdb
c:\users\daiki\documents\visual studio 2015\projects\amayadori\amayadori\x64\release\resource.res
c:\users\daiki\documents\visual studio 2015\projects\amayadori\amayadori\x64\release\amayadori.tlog\amayadori.write.1u.tlog
c:\users\daiki\documents\visual studio 2015\projects\amayadori\amayadori\x64\release\amayadori.tlog\cl.command.1.tlog
c:\users\daiki\documents\visual studio 2015\projects\amayadori\amayadori\x64\release\amayadori.tlog\cl.read.1.tlog
c:\users\daiki\documents\visual studio 2015\projects\amayadori\amayadori\x64\release\amayadori.tlog\cl.write.1.tlog
c:\users\daiki\documents\visual studio 2015\projects\amayadori\amayadori\x64\release\amayadori.tlog\link.command.1.tlog
c:\users\daiki\documents\visual studio 2015\projects\amayadori\amayadori\x64\release\amayadori.tlog\link.read.1.tlog
c:\users\daiki\documents\visual studio 2015\projects\amayadori\amayadori\x64\release\amayadori.tlog\link.write.1.tlog
c:\users\daiki\documents\visual studio 2015\projects\amayadori\amayadori\x64\release\amayadori.tlog\rc.command.1.tlog
c:\users\daiki\documents\visual studio 2015\projects\amayadori\amayadori\x64\release\amayadori.tlog\rc.read.1.tlog
c:\users\daiki\documents\visual studio 2015\projects\amayadori\amayadori\x64\release\amayadori.tlog\rc.write.1.tlog
