c:\users\daiki\documents\visual studio 2015\projects\amayadori\amayadori\x64\debug\vc140.pdb
c:\users\daiki\documents\visual studio 2015\projects\amayadori\amayadori\x64\debug\vc140.idb
c:\users\daiki\documents\visual studio 2015\projects\amayadori\amayadori\x64\debug\flm.obj
c:\users\daiki\documents\visual studio 2015\projects\amayadori\amayadori\x64\debug\gamemanager.obj
c:\users\daiki\documents\visual studio 2015\projects\amayadori\amayadori\x64\debug\group.obj
c:\users\daiki\documents\visual studio 2015\projects\amayadori\amayadori\x64\debug\main.obj
c:\users\daiki\documents\visual studio 2015\projects\amayadori\amayadori\x64\debug\resource.res
c:\users\daiki\documents\visual studio 2015\projects\amayadori\x64\debug\amayadori.pdb
c:\users\daiki\documents\visual studio 2015\projects\amayadori\amayadori\x64\debug\amayadori.tlog\cl.command.1.tlog
c:\users\daiki\documents\visual studio 2015\projects\amayadori\amayadori\x64\debug\amayadori.tlog\cl.read.1.tlog
c:\users\daiki\documents\visual studio 2015\projects\amayadori\amayadori\x64\debug\amayadori.tlog\cl.write.1.tlog
c:\users\daiki\documents\visual studio 2015\projects\amayadori\amayadori\x64\debug\amayadori.tlog\link-cvtres.read.1.tlog
c:\users\daiki\documents\visual studio 2015\projects\amayadori\amayadori\x64\debug\amayadori.tlog\link-cvtres.write.1.tlog
c:\users\daiki\documents\visual studio 2015\projects\amayadori\amayadori\x64\debug\amayadori.tlog\link-rc.read.1.tlog
c:\users\daiki\documents\visual studio 2015\projects\amayadori\amayadori\x64\debug\amayadori.tlog\link-rc.write.1.tlog
c:\users\daiki\documents\visual studio 2015\projects\amayadori\amayadori\x64\debug\amayadori.tlog\link.command.1.tlog
c:\users\daiki\documents\visual studio 2015\projects\amayadori\amayadori\x64\debug\amayadori.tlog\link.read.1.tlog
c:\users\daiki\documents\visual studio 2015\projects\amayadori\amayadori\x64\debug\amayadori.tlog\link.write.1.tlog
c:\users\daiki\documents\visual studio 2015\projects\amayadori\amayadori\x64\debug\amayadori.tlog\rc.command.1.tlog
c:\users\daiki\documents\visual studio 2015\projects\amayadori\amayadori\x64\debug\amayadori.tlog\rc.read.1.tlog
c:\users\daiki\documents\visual studio 2015\projects\amayadori\amayadori\x64\debug\amayadori.tlog\rc.write.1.tlog
