  Main.cpp
c:\users\daiki\documents\visual studio 2015\projects\amayadori\amayadori\arena\declaration.hpp(13): warning C4005: 'Look': マクロが再定義されました。
  c:\users\daiki\documents\visual studio 2015\projects\amayadori\amayadori\arena\declaration.hpp(12): note: 'Look' の以前の定義を確認してください
  garnet.cpp
c:\users\daiki\documents\visual studio 2015\projects\amayadori\amayadori\arena\declaration.hpp(13): warning C4005: 'Look': マクロが再定義されました。
  c:\users\daiki\documents\visual studio 2015\projects\amayadori\amayadori\arena\declaration.hpp(12): note: 'Look' の以前の定義を確認してください
  StageTemplate.cpp
c:\users\daiki\documents\visual studio 2015\projects\amayadori\amayadori\arena\declaration.hpp(13): warning C4005: 'Look': マクロが再定義されました。
  c:\users\daiki\documents\visual studio 2015\projects\amayadori\amayadori\arena\declaration.hpp(12): note: 'Look' の以前の定義を確認してください
  StageKinako.cpp
c:\users\daiki\documents\visual studio 2015\projects\amayadori\amayadori\arena\declaration.hpp(13): warning C4005: 'Look': マクロが再定義されました。
  c:\users\daiki\documents\visual studio 2015\projects\amayadori\amayadori\arena\declaration.hpp(12): note: 'Look' の以前の定義を確認してください
  StageGarnet.cpp
c:\users\daiki\documents\visual studio 2015\projects\amayadori\amayadori\arena\declaration.hpp(13): warning C4005: 'Look': マクロが再定義されました。
  c:\users\daiki\documents\visual studio 2015\projects\amayadori\amayadori\arena\declaration.hpp(12): note: 'Look' の以前の定義を確認してください
  Korone.cpp
c:\users\daiki\documents\visual studio 2015\projects\amayadori\amayadori\arena\declaration.hpp(13): warning C4005: 'Look': マクロが再定義されました。
  c:\users\daiki\documents\visual studio 2015\projects\amayadori\amayadori\arena\declaration.hpp(12): note: 'Look' の以前の定義を確認してください
  Kinako.cpp
c:\users\daiki\documents\visual studio 2015\projects\amayadori\amayadori\arena\declaration.hpp(13): warning C4005: 'Look': マクロが再定義されました。
  c:\users\daiki\documents\visual studio 2015\projects\amayadori\amayadori\arena\declaration.hpp(12): note: 'Look' の以前の定義を確認してください
  GameManager.cpp
c:\users\daiki\documents\visual studio 2015\projects\amayadori\amayadori\amayadori\src\gamemanager.cpp(52): warning C4390: ';': 制御が空の文が見つかりました。意図した記述でしょうか?
c:\users\daiki\documents\visual studio 2015\projects\amayadori\amayadori\amayadori\src\gamemanager.cpp(53): warning C4390: ';': 制御が空の文が見つかりました。意図した記述でしょうか?
c:\users\daiki\documents\visual studio 2015\projects\amayadori\amayadori\amayadori\src\gamemanager.cpp(54): warning C4390: ';': 制御が空の文が見つかりました。意図した記述でしょうか?
c:\users\daiki\documents\visual studio 2015\projects\amayadori\amayadori\amayadori\src\gamemanager.cpp(55): warning C4390: ';': 制御が空の文が見つかりました。意図した記述でしょうか?
c:\users\daiki\documents\visual studio 2015\projects\amayadori\amayadori\amayadori\src\gamemanager.cpp(56): warning C4390: ';': 制御が空の文が見つかりました。意図した記述でしょうか?
c:\users\daiki\documents\visual studio 2015\projects\amayadori\amayadori\amayadori\src\gamemanager.cpp(59): warning C4390: ';': 制御が空の文が見つかりました。意図した記述でしょうか?
c:\users\daiki\documents\visual studio 2015\projects\amayadori\amayadori\amayadori\src\gamemanager.cpp(60): warning C4390: ';': 制御が空の文が見つかりました。意図した記述でしょうか?
c:\users\daiki\documents\visual studio 2015\projects\amayadori\amayadori\amayadori\src\gamemanager.cpp(61): warning C4390: ';': 制御が空の文が見つかりました。意図した記述でしょうか?
c:\users\daiki\documents\visual studio 2015\projects\amayadori\amayadori\amayadori\src\gamemanager.cpp(62): warning C4390: ';': 制御が空の文が見つかりました。意図した記述でしょうか?
c:\users\daiki\documents\visual studio 2015\projects\amayadori\amayadori\amayadori\src\gamemanager.cpp(65): warning C4390: ';': 制御が空の文が見つかりました。意図した記述でしょうか?
c:\users\daiki\documents\visual studio 2015\projects\amayadori\amayadori\amayadori\src\gamemanager.cpp(66): warning C4390: ';': 制御が空の文が見つかりました。意図した記述でしょうか?
c:\users\daiki\documents\visual studio 2015\projects\amayadori\amayadori\amayadori\src\gamemanager.cpp(67): warning C4390: ';': 制御が空の文が見つかりました。意図した記述でしょうか?
c:\users\daiki\documents\visual studio 2015\projects\amayadori\amayadori\amayadori\src\gamemanager.cpp(70): warning C4390: ';': 制御が空の文が見つかりました。意図した記述でしょうか?
c:\users\daiki\documents\visual studio 2015\projects\amayadori\amayadori\amayadori\src\gamemanager.cpp(71): warning C4390: ';': 制御が空の文が見つかりました。意図した記述でしょうか?
c:\users\daiki\documents\visual studio 2015\projects\amayadori\amayadori\amayadori\src\gamemanager.cpp(74): warning C4390: ';': 制御が空の文が見つかりました。意図した記述でしょうか?
  Camera.cpp
c:\users\daiki\documents\visual studio 2015\projects\amayadori\amayadori\amayadori\src\camera.cpp(24): warning C4238: 非標準の拡張機能が使用されています: 右辺値のクラスが左辺値に使用されます。
c:\users\daiki\documents\visual studio 2015\projects\amayadori\amayadori\amayadori\src\camera.cpp(26): warning C4238: 非標準の拡張機能が使用されています: 右辺値のクラスが左辺値に使用されます。
c:\users\daiki\documents\visual studio 2015\projects\amayadori\amayadori\amayadori\src\camera.cpp(27): warning C4238: 非標準の拡張機能が使用されています: 右辺値のクラスが左辺値に使用されます。
c:\users\daiki\documents\visual studio 2015\projects\amayadori\amayadori\amayadori\src\camera.cpp(28): warning C4238: 非標準の拡張機能が使用されています: 右辺値のクラスが左辺値に使用されます。
c:\users\daiki\documents\visual studio 2015\projects\amayadori\amayadori\amayadori\src\camera.cpp(29): warning C4238: 非標準の拡張機能が使用されています: 右辺値のクラスが左辺値に使用されます。
c:\users\daiki\documents\visual studio 2015\projects\amayadori\amayadori\amayadori\src\camera.cpp(30): warning C4238: 非標準の拡張機能が使用されています: 右辺値のクラスが左辺値に使用されます。
c:\users\daiki\documents\visual studio 2015\projects\amayadori\amayadori\amayadori\src\camera.cpp(31): warning C4238: 非標準の拡張機能が使用されています: 右辺値のクラスが左辺値に使用されます。
  Actor.cpp
  コードを生成中...
     ライブラリ C:\Users\daiki\Documents\Visual Studio 2015\Projects\AMAYADORI\x64\Debug\AMAYADORI.lib とオブジェクト C:\Users\daiki\Documents\Visual Studio 2015\Projects\AMAYADORI\x64\Debug\AMAYADORI.exp を作成中
  AMAYADORI.vcxproj -> C:\Users\daiki\Documents\Visual Studio 2015\Projects\AMAYADORI\x64\Debug\AMAYADORI.exe
